#
# A fatal error has been detected by the Java Runtime Environment:
#
#  Internal Error (classFileParser.cpp:3075), pid=6164, tid=8424
#  Error: ShouldNotReachHere()
#
# JRE version: 6.0_16-b01
# Java VM: Java HotSpot(TM) Client VM (14.2-b01 mixed mode windows-x86 )
# If you would like to submit a bug report, please visit:
#   http://java.sun.com/webapps/bugreport/crash.jsp
#

---------------  T H R E A D  ---------------

Current thread (0x025ea000):  JavaThread "Unknown thread" [_thread_in_vm, id=8424, stack(0x00210000,0x00260000)]

Stack: [0x00210000,0x00260000],  sp=0x0025f8f8,  free space=318k
Native frames: (J=compiled Java code, j=interpreted, Vv=VM code, C=native code)
V  [jvm.dll+0x1e66c7]
V  [jvm.dll+0xa0c09]
V  [jvm.dll+0x73792]
V  [jvm.dll+0x74e04]
V  [jvm.dll+0x1b6336]
V  [jvm.dll+0x1b69ce]
V  [jvm.dll+0x1b6d85]
V  [jvm.dll+0x1b6dcb]
V  [jvm.dll+0x1b6ef2]
V  [jvm.dll+0x1b6f6a]
V  [jvm.dll+0x1b701d]
V  [jvm.dll+0x1b7232]
V  [jvm.dll+0x1d6153]
V  [jvm.dll+0x1d658c]
V  [jvm.dll+0xd66f1]
V  [jvm.dll+0x1d05e2]
V  [jvm.dll+0xfedc0]
C  [javaw.exe+0x1657]
C  [javaw.exe+0x1e2c]
C  [javaw.exe+0x833e]
C  [kernel32.dll+0x133aa]
C  [ntdll.dll+0x39ef2]
C  [ntdll.dll+0x39ec5]


---------------  P R O C E S S  ---------------

Java Threads: ( => current thread )

Other Threads:

=>0x025ea000 (exited) JavaThread "Unknown thread" [_thread_in_vm, id=8424, stack(0x00210000,0x00260000)]

VM state:not at safepoint (not fully initialized)

VM Mutex/Monitor currently owned by a thread: None

Dynamic libraries:
0x00400000 - 0x00424000 	C:\Program Files (x86)\Java\jre6\bin\javaw.exe
0x77e40000 - 0x77fc0000 	C:\Windows\SysWOW64\ntdll.dll
0x77090000 - 0x771a0000 	C:\Windows\syswow64\kernel32.dll
0x76000000 - 0x76047000 	C:\Windows\syswow64\KERNELBASE.dll
0x76870000 - 0x76910000 	C:\Windows\syswow64\ADVAPI32.dll
0x76270000 - 0x7631c000 	C:\Windows\syswow64\msvcrt.dll
0x76610000 - 0x76629000 	C:\Windows\SysWOW64\sechost.dll
0x76ea0000 - 0x76f90000 	C:\Windows\syswow64\RPCRT4.dll
0x75090000 - 0x750f0000 	C:\Windows\syswow64\SspiCli.dll
0x75080000 - 0x7508c000 	C:\Windows\syswow64\CRYPTBASE.dll
0x76f90000 - 0x77090000 	C:\Windows\syswow64\USER32.dll
0x76a70000 - 0x76b00000 	C:\Windows\syswow64\GDI32.dll
0x76480000 - 0x7648a000 	C:\Windows\syswow64\LPK.dll
0x760e0000 - 0x7617d000 	C:\Windows\syswow64\USP10.dll
0x76400000 - 0x76460000 	C:\Windows\system32\IMM32.DLL
0x76650000 - 0x7671c000 	C:\Windows\syswow64\MSCTF.dll
0x723d0000 - 0x72408000 	C:\Windows\SysWOW64\nvinit.dll
0x7c340000 - 0x7c396000 	C:\Program Files (x86)\Java\jre6\bin\msvcr71.dll
0x6d800000 - 0x6da8b000 	C:\Program Files (x86)\Java\jre6\bin\client\jvm.dll
0x765d0000 - 0x76602000 	C:\Windows\syswow64\WINMM.dll
0x714b0000 - 0x714fc000 	C:\Windows\system32\apphelp.dll
0x6d7b0000 - 0x6d7bc000 	C:\Program Files (x86)\Java\jre6\bin\verify.dll
0x6d330000 - 0x6d34f000 	C:\Program Files (x86)\Java\jre6\bin\java.dll
0x6d290000 - 0x6d298000 	C:\Program Files (x86)\Java\jre6\bin\hpi.dll
0x76a60000 - 0x76a65000 	C:\Windows\syswow64\PSAPI.DLL
0x6d380000 - 0x6d3a9000 	C:\Program Files (x86)\Java\jre6\bin\jdwp.dll
0x6d6a0000 - 0x6d6a6000 	C:\Program Files (x86)\Java\jre6\bin\npt.dll
0x6d7f0000 - 0x6d7ff000 	C:\Program Files (x86)\Java\jre6\bin\zip.dll

VM Arguments:
jvm_args: -agentlib:jdwp=transport=dt_socket,suspend=y,address=localhost:7696 -Dfile.encoding=GBK -Xbootclasspath:C:\caijun\doc\WorkSpace\lib\Android_SDK\platforms\android-14\android.jar 
java_command: com.ajmst.android.ui.maintain.Test
Launcher Type: SUN_STANDARD

Environment Variables:
PATH=C:/Program Files (x86)/Java/jre6/bin/client;C:/Program Files (x86)/Java/jre6/bin;C:/Program Files (x86)/Java/jre6/lib/i386;C:\caijun\app\oracle\product\11.2.0\client_1\bin;C:\caijun\app\oracle\product\11.2.0\client_2;C:\app\caijun\product\11.2.0\client_1;C:\Program Files\Common Files\Microsoft Shared\Windows Live;C:\Program Files (x86)\Common Files\Microsoft Shared\Windows Live;C:\Program Files (x86)\Intel\iCLS Client\;C:\Program Files\Intel\iCLS Client\;C:\Windows\system32;C:\Windows;C:\Windows\System32\Wbem;C:\Windows\System32\WindowsPowerShell\v1.0\;C:\Program Files (x86)\Windows Live\Shared;C:\Program Files (x86)\Microsoft SQL Server\80\Tools\Binn\;C:\Program Files (x86)\Microsoft SQL Server\90\DTS\Binn\;C:\Program Files (x86)\Microsoft SQL Server\90\Tools\binn\;C:\Program Files (x86)\Microsoft SQL Server\90\Tools\Binn\VSShell\Common7\IDE\;C:\Program Files (x86)\Microsoft Visual Studio 8\Common7\IDE\PrivateAssemblies\;C:\caijun\app\TortoiseSVN\bin;C:\caijun\app\F-Secure\SSHTRI~1;C:\Program Files\Microsoft\Web Platform Installer\;C:\Program Files (x86)\Microsoft ASP.NET\ASP.NET Web Pages\v1.0\;C:\Program Files (x86)\Windows Kits\8.0\Windows Performance Toolkit\;C:\Program Files\Microsoft SQL Server\110\Tools\Binn\;C:\caijun\app\eclipseForNC;
USERNAME=caijun
OS=Windows_NT
PROCESSOR_IDENTIFIER=Intel64 Family 6 Model 58 Stepping 9, GenuineIntel



---------------  S Y S T E M  ---------------

OS: Windows 7 Build 7601 Service Pack 1

CPU:total 4 (8 cores per cpu, 2 threads per core) family 6 model 58 stepping 9, cmov, cx8, fxsr, mmx, sse, sse2, sse3, ssse3, sse4.1, sse4.2, ht

Memory: 4k page, physical 4047320k(1302596k free), swap 4194303k(4194303k free)

vm_info: Java HotSpot(TM) Client VM (14.2-b01) for windows-x86 JRE (1.6.0_16-b01), built on Jul 31 2009 11:26:58 by "java_re" with MS VC++ 7.1

time: Thu Jul 25 22:48:07 2013
elapsed time: 0 seconds

