#
# A fatal error has been detected by the Java Runtime Environment:
#
#  Internal Error (classFileParser.cpp:3075), pid=12172, tid=9816
#  Error: ShouldNotReachHere()
#
# JRE version: 6.0_16-b01
# Java VM: Java HotSpot(TM) Client VM (14.2-b01 mixed mode windows-x86 )
# If you would like to submit a bug report, please visit:
#   http://java.sun.com/webapps/bugreport/crash.jsp
#

---------------  T H R E A D  ---------------

Current thread (0x0260a000):  JavaThread "Unknown thread" [_thread_in_vm, id=9816, stack(0x00220000,0x00270000)]

Stack: [0x00220000,0x00270000],  sp=0x0026f8f8,  free space=318k
Native frames: (J=compiled Java code, j=interpreted, Vv=VM code, C=native code)
V  [jvm.dll+0x1e66c7]
V  [jvm.dll+0xa0c09]
V  [jvm.dll+0x73792]
V  [jvm.dll+0x74e04]
V  [jvm.dll+0x1b6336]
V  [jvm.dll+0x1b69ce]
V  [jvm.dll+0x1b6d85]
V  [jvm.dll+0x1b6dcb]
V  [jvm.dll+0x1b6ef2]
V  [jvm.dll+0x1b6f6a]
V  [jvm.dll+0x1b701d]
V  [jvm.dll+0x1b7232]
V  [jvm.dll+0x1d6153]
V  [jvm.dll+0x1d658c]
V  [jvm.dll+0xd66f1]
V  [jvm.dll+0x1d05e2]
V  [jvm.dll+0xfedc0]
C  [javaw.exe+0x1657]
C  [javaw.exe+0x1e2c]
C  [javaw.exe+0x833e]
C  [kernel32.dll+0x133aa]
C  [ntdll.dll+0x39ef2]
C  [ntdll.dll+0x39ec5]


---------------  P R O C E S S  ---------------

Java Threads: ( => current thread )

Other Threads:

=>0x0260a000 (exited) JavaThread "Unknown thread" [_thread_in_vm, id=9816, stack(0x00220000,0x00270000)]

VM state:not at safepoint (not fully initialized)

VM Mutex/Monitor currently owned by a thread: None

Dynamic libraries:
0x00400000 - 0x00424000 	C:\Program Files (x86)\Java\jre6\bin\javaw.exe
0x77820000 - 0x779a0000 	C:\Windows\SysWOW64\ntdll.dll
0x75410000 - 0x75520000 	C:\Windows\syswow64\kernel32.dll
0x76bf0000 - 0x76c37000 	C:\Windows\syswow64\KERNELBASE.dll
0x74c30000 - 0x74cd0000 	C:\Windows\syswow64\ADVAPI32.dll
0x75000000 - 0x750ac000 	C:\Windows\syswow64\msvcrt.dll
0x74c10000 - 0x74c29000 	C:\Windows\SysWOW64\sechost.dll
0x74d70000 - 0x74e60000 	C:\Windows\syswow64\RPCRT4.dll
0x74a70000 - 0x74ad0000 	C:\Windows\syswow64\SspiCli.dll
0x74a60000 - 0x74a6c000 	C:\Windows\syswow64\CRYPTBASE.dll
0x76c40000 - 0x76d40000 	C:\Windows\syswow64\USER32.dll
0x74ce0000 - 0x74d70000 	C:\Windows\syswow64\GDI32.dll
0x750b0000 - 0x750ba000 	C:\Windows\syswow64\LPK.dll
0x758c0000 - 0x7595d000 	C:\Windows\syswow64\USP10.dll
0x74e60000 - 0x74ec0000 	C:\Windows\system32\IMM32.DLL
0x75960000 - 0x75a2c000 	C:\Windows\syswow64\MSCTF.dll
0x71940000 - 0x71978000 	C:\Windows\SysWOW64\nvinit.dll
0x7c340000 - 0x7c396000 	C:\Program Files (x86)\Java\jre6\bin\msvcr71.dll
0x6d800000 - 0x6da8b000 	C:\Program Files (x86)\Java\jre6\bin\client\jvm.dll
0x75690000 - 0x756c2000 	C:\Windows\syswow64\WINMM.dll
0x71110000 - 0x7115c000 	C:\Windows\system32\apphelp.dll
0x6d7b0000 - 0x6d7bc000 	C:\Program Files (x86)\Java\jre6\bin\verify.dll
0x6d330000 - 0x6d34f000 	C:\Program Files (x86)\Java\jre6\bin\java.dll
0x6d290000 - 0x6d298000 	C:\Program Files (x86)\Java\jre6\bin\hpi.dll
0x74fe0000 - 0x74fe5000 	C:\Windows\syswow64\PSAPI.DLL
0x6d7f0000 - 0x6d7ff000 	C:\Program Files (x86)\Java\jre6\bin\zip.dll

VM Arguments:
jvm_args: -Dfile.encoding=GBK -Xbootclasspath:C:\caijun\doc\WorkSpace\lib\Android_SDK\platforms\android-15\android.jar 
java_command: com.ajmst.android.service.Student
Launcher Type: SUN_STANDARD

Environment Variables:
JAVA_HOME=C:\Program Files (x86)\Java\jdk1.6.0_16
JRE_HOME=C:\Program Files (x86)\Java\jre6
CLASSPATH=.;C:\Program Files (x86)\Java\jdk1.6.0_16/lib/dt.jar;C:\Program Files (x86)\Java\jdk1.6.0_16/lib/tools.jar
PATH=C:/Program Files (x86)/Java/jre6/bin/client;C:/Program Files (x86)/Java/jre6/bin;C:/Program Files (x86)/Java/jre6/lib/i386;C:\caijun\app\oracle\product\11.2.0\client_1\bin;C:\caijun\app\oracle\product\11.2.0\client_2;C:\app\caijun\product\11.2.0\client_1;C:\Program Files\Common Files\Microsoft Shared\Windows Live;C:\Program Files (x86)\Common Files\Microsoft Shared\Windows Live;C:\Program Files (x86)\Intel\iCLS Client\;C:\Program Files\Intel\iCLS Client\;C:\Windows\system32;C:\Windows;C:\Windows\System32\Wbem;C:\Windows\System32\WindowsPowerShell\v1.0\;C:\Program Files (x86)\Windows Live\Shared;C:\Program Files (x86)\Microsoft SQL Server\80\Tools\Binn\;C:\Program Files (x86)\Microsoft SQL Server\90\DTS\Binn\;C:\Program Files (x86)\Microsoft SQL Server\90\Tools\binn\;C:\Program Files (x86)\Microsoft SQL Server\90\Tools\Binn\VSShell\Common7\IDE\;C:\Program Files (x86)\Microsoft Visual Studio 8\Common7\IDE\PrivateAssemblies\;C:\caijun\app\TortoiseSVN\bin;C:\caijun\app\F-Secure\SSHTRI~1;C:\Program Files\Microsoft\Web Platform Installer\;C:\Program Files (x86)\Microsoft ASP.NET\ASP.NET Web Pages\v1.0\;C:\Program Files (x86)\Windows Kits\8.0\Windows Performance Toolkit\;C:\Program Files\Microsoft SQL Server\110\Tools\Binn\;C:\Program Files (x86)\Java\jdk1.6.0_16/bin;C:\Program Files (x86)\Java\jdk1.6.0_16/jre/bin;C:\caijun\app\eclipseForNC;
USERNAME=caijun
OS=Windows_NT
PROCESSOR_IDENTIFIER=Intel64 Family 6 Model 58 Stepping 9, GenuineIntel



---------------  S Y S T E M  ---------------

OS: Windows 7 Build 7601 Service Pack 1

CPU:total 4 (8 cores per cpu, 2 threads per core) family 6 model 58 stepping 9, cmov, cx8, fxsr, mmx, sse, sse2, sse3, ssse3, sse4.1, sse4.2, ht

Memory: 4k page, physical 4047320k(903152k free), swap 4194303k(3250560k free)

vm_info: Java HotSpot(TM) Client VM (14.2-b01) for windows-x86 JRE (1.6.0_16-b01), built on Jul 31 2009 11:26:58 by "java_re" with MS VC++ 7.1

time: Thu Dec 19 19:13:12 2013
elapsed time: 0 seconds

